<?xml version='1.0' encoding='UTF-8'?>
<testsuite hostname="Stanislau" name="by.stascala.sevices.AuthenticationSpec" tests="1" errors="0" failures="0" skipped="0" time="0.053" timestamp="2021-04-21T10:57:19">
                     <properties>
[...]
</properties>
                     <testcase classname="by.stascala.sevices.AuthenticationSpec" name="An Echo actor must send back messages unchanged" time="0.053">
                                                 
                                               </testcase>
                     <system-out><![CDATA[]]></system-out>
                     <system-err><![CDATA[]]></system-err>
                   </testsuite>